0 info it worked if it ends with ok
1 verbose cli [ 'd:\\Program Files\\nodejs\\node.exe',
1 verbose cli   'd:\\Program Files\\nodejs\\node_modules\\npm\\bin\\npm-cli.js',
1 verbose cli   'run',
1 verbose cli   'demo3' ]
2 info using npm@3.3.12
3 info using node@v5.3.0
4 verbose run-script [ 'predemo3', 'demo3', 'postdemo3' ]
5 info lifecycle koa-example@1.0.0~predemo3: koa-example@1.0.0
6 silly lifecycle koa-example@1.0.0~predemo3: no script for predemo3, continuing
7 info lifecycle koa-example@1.0.0~demo3: koa-example@1.0.0
8 verbose lifecycle koa-example@1.0.0~demo3: unsafe-perm in lifecycle true
9 verbose lifecycle koa-example@1.0.0~demo3: PATH: d:\Program Files\nodejs\node_modules\npm\bin\node-gyp-bin;g:\projects\koa-example\node_modules\.bin;c:\Users\Administrator\bin;.;D:\Program Files (x86)\Git\local\bin;D:\Program Files (x86)\Git\mingw\bin;D:\Program Files (x86)\Git\bin;D:\Program Files (x86)\Git\bin;d:\Ruby22-x64\bin;c:\windows\system32;c:\windows;c:\windows\System32\Wbem;c:\windows\System32\WindowsPowerShell\v1.0\;d:\Program Files\TortoiseSVN\bin;D:\Program Files (x86)\Git\cmd;d:\Program Files\nodejs;d:\Program Files\nodejs\;d:\Program Files\TortoiseGit\bin;d:\Program Files (x86)\Subversion\bin;c:\Users\Administrator\AppData\Roaming\npm;c:\Users\Administrator\AppData\Local\atom\bin
10 verbose lifecycle koa-example@1.0.0~demo3: CWD: g:\projects\koa-example
11 silly lifecycle koa-example@1.0.0~demo3: Args: [ '/d /s /c', 'node ./example/demo3/index.js' ]
12 silly lifecycle koa-example@1.0.0~demo3: Returned: code: 1  signal: null
13 info lifecycle koa-example@1.0.0~demo3: Failed to exec demo3 script
14 verbose stack Error: koa-example@1.0.0 demo3: `node ./example/demo3/index.js`
14 verbose stack Exit status 1
14 verbose stack     at EventEmitter.<anonymous> (d:\Program Files\nodejs\node_modules\npm\lib\utils\lifecycle.js:232:16)
14 verbose stack     at emitTwo (events.js:87:13)
14 verbose stack     at EventEmitter.emit (events.js:172:7)
14 verbose stack     at ChildProcess.<anonymous> (d:\Program Files\nodejs\node_modules\npm\lib\utils\spawn.js:24:14)
14 verbose stack     at emitTwo (events.js:87:13)
14 verbose stack     at ChildProcess.emit (events.js:172:7)
14 verbose stack     at maybeClose (internal/child_process.js:818:16)
14 verbose stack     at Process.ChildProcess._handle.onexit (internal/child_process.js:211:5)
15 verbose pkgid koa-example@1.0.0
16 verbose cwd g:\projects\koa-example
17 error Windows_NT 6.1.7601
18 error argv "d:\\Program Files\\nodejs\\node.exe" "d:\\Program Files\\nodejs\\node_modules\\npm\\bin\\npm-cli.js" "run" "demo3"
19 error node v5.3.0
20 error npm  v3.3.12
21 error code ELIFECYCLE
22 error koa-example@1.0.0 demo3: `node ./example/demo3/index.js`
22 error Exit status 1
23 error Failed at the koa-example@1.0.0 demo3 script 'node ./example/demo3/index.js'.
23 error Make sure you have the latest version of node.js and npm installed.
23 error If you do, this is most likely a problem with the koa-example package,
23 error not with npm itself.
23 error Tell the author that this fails on your system:
23 error     node ./example/demo3/index.js
23 error You can get their info via:
23 error     npm owner ls koa-example
23 error There is likely additional logging output above.
24 verbose exit [ 1, true ]
